.-----------------------------------------------------------------------------------------------------------.
| Report from 25 run(s) for <http://localhost:8081/components/epiviz-charts/performance/index-test.html> using phantomas v1.20.0 |
|-----------------------------------------------------------------------------------------------------------|
|             Metric             |     min      |     max      |   average    |    median    |    stddev    |
|--------------------------------|--------------|--------------|--------------|--------------|--------------|
| requests                       |           15 |           15 |           15 |           15 |            0 |
| gzipRequests                   |           11 |           11 |           11 |           11 |            0 |
| postRequests                   |            0 |            0 |            0 |            0 |            0 |
| httpsRequests                  |            5 |            5 |            5 |            5 |            0 |
| notFound                       |            1 |            1 |            1 |            1 |            0 |
| bodySize [bytes]               |       331401 |      1187637 |    635119.36 |       546736 |     257579.6 |
| contentLength [bytes]          |       331401 |      1187637 |    635119.36 |       546736 |     257579.6 |
| httpTrafficCompleted [ms]      |         1202 |         1508 |       1264.6 |         1240 |        79.17 |
| timeToFirstByte [ms]           |           13 |           22 |        15.88 |           15 |         2.34 |
| timeToLastByte [ms]            |           29 |           44 |        32.28 |           31 |         3.69 |
| ajaxRequests                   |            4 |            4 |            4 |            4 |            0 |
| htmlCount                      |            2 |            2 |            2 |            2 |            0 |
| htmlSize [bytes]               |        68716 |        68716 |        68716 |        68716 |            0 |
| cssCount                       |            2 |            2 |            2 |            2 |            0 |
| cssSize [bytes]                |        31092 |        36856 |     36625.44 |        36856 |      1129.51 |
| jsCount                        |            5 |            5 |            5 |            5 |            0 |
| jsSize [bytes]                 |       146257 |       943320 |    409993.84 |       320507 |    256582.16 |
| jsonCount                      |            3 |            3 |            3 |            3 |            0 |
| jsonSize [bytes]               |        19952 |        19952 |        19952 |        19952 |            0 |
| imageCount                     |            0 |            0 |            0 |            0 |            0 |
| imageSize [bytes]              |            0 |            0 |            0 |            0 |            0 |
| videoCount                     |            0 |            0 |            0 |            0 |            0 |
| videoSize [bytes]              |            0 |            0 |            0 |            0 |            0 |
| webfontCount                   |            2 |            2 |            2 |            2 |            0 |
| webfontSize [bytes]            |        59619 |       118792 |     99831.08 |        98894 |     18138.97 |
| base64Count                    |            0 |            0 |            0 |            0 |            0 |
| base64Size [bytes]             |            0 |            0 |            0 |            0 |            0 |
| otherCount                     |            1 |            1 |            1 |            1 |            0 |
| otherSize [bytes]              |            1 |            1 |            1 |            1 |            0 |
| cacheHits                      |            5 |            5 |            5 |            5 |            0 |
| cacheMisses                    |            0 |            0 |            0 |            0 |            0 |
| cachePasses                    |            0 |            0 |            0 |            0 |            0 |
| cachingNotSpecified            |            0 |            0 |            0 |            0 |            0 |
| cachingTooShort                |            1 |            1 |            1 |            1 |            0 |
| cachingDisabled                |            3 |            3 |            3 |            3 |            0 |
| oldCachingHeaders              |            6 |            6 |            6 |            6 |            0 |
| cachingUseImmutable            |            3 |            3 |            3 |            3 |            0 |
| consoleMessages                |            0 |            0 |            0 |            0 |            0 |
| cookiesSent [bytes]            |            0 |            0 |            0 |            0 |            0 |
| cookiesRecv [bytes]            |            0 |            0 |            0 |            0 |            0 |
| domainsWithCookies             |            0 |            0 |            0 |            0 |            0 |
| documentCookiesLength [bytes]  |            0 |            0 |            0 |            0 |            0 |
| documentCookiesCount           |            1 |            1 |            1 |            1 |            0 |
| documentHeight [px]            |          768 |          768 |          768 |          768 |            0 |
| commentsSize [bytes]           |         2210 |         2210 |         2210 |         2210 |            0 |
| whiteSpacesSize [bytes]        |         1255 |         1255 |         1255 |         1255 |            0 |
| DOMelementsCount               |           45 |           45 |           45 |           45 |            0 |
| DOMelementMaxDepth             |           11 |           11 |           11 |           11 |            0 |
| nodesWithInlineCSS             |            2 |            2 |            2 |            2 |            0 |
| imagesScaledDown               |            0 |            0 |            0 |            0 |            0 |
| imagesWithoutDimensions        |            0 |            0 |            0 |            0 |            0 |
| DOMidDuplicated                |            1 |            1 |            1 |            1 |            0 |
| hiddenContentSize [bytes]      |         2297 |         2297 |         2297 |         2297 |            0 |
| hiddenImages                   |            0 |            0 |            0 |            0 |            0 |
| DOMmutationsInserts            |           39 |           39 |           39 |           39 |            0 |
| DOMmutationsRemoves            |           10 |           10 |           10 |           10 |            0 |
| DOMmutationsAttributes         |            6 |            6 |            6 |            6 |            0 |
| DOMqueries                     |          420 |          420 |          420 |          420 |            0 |
| DOMqueriesWithoutResults       |            3 |            3 |            3 |            3 |            0 |
| DOMqueriesById                 |            0 |            0 |            0 |            0 |            0 |
| DOMqueriesByClassName          |            0 |            0 |            0 |            0 |            0 |
| DOMqueriesByTagName            |            7 |            7 |            7 |            7 |            0 |
| DOMqueriesByQuerySelectorAll   |          413 |          413 |          413 |          413 |            0 |
| DOMinserts                     |          270 |          270 |          270 |          270 |            0 |
| DOMqueriesDuplicated           |            3 |            3 |            3 |            3 |            0 |
| DOMqueriesAvoidable            |          293 |          293 |          293 |          293 |            0 |
| domains                        |            5 |            5 |            5 |            5 |            0 |
| maxRequestsPerDomain           |            6 |            6 |            6 |            6 |            0 |
| medianRequestsPerDomain        |            3 |            3 |            3 |            3 |            0 |
| eventsBound                    |          465 |          465 |          465 |          465 |            0 |
| eventsDispatched               |           95 |           95 |           95 |           95 |            0 |
| eventsScrollBound              |            0 |            0 |            0 |            0 |            0 |
| globalVariables                |           45 |           45 |           45 |           45 |            0 |
| globalVariablesFalsy           |            4 |            4 |            4 |            4 |            0 |
| headersCount                   |          202 |          202 |          202 |          202 |            0 |
| headersSentCount               |           47 |           47 |           47 |           47 |            0 |
| headersRecvCount               |          155 |          155 |          155 |          155 |            0 |
| headersSize [bytes]            |         8018 |         8019 |      8018.12 |         8018 |         0.32 |
| headersSentSize [bytes]        |         2762 |         2762 |         2762 |         2762 |            0 |
| headersRecvSize [bytes]        |         5256 |         5257 |      5256.12 |         5256 |         0.32 |
| headersBiggerThanContent       |            0 |            0 |            0 |            0 |            0 |
| jQueryVersion                  |          NaN |          NaN |          NaN |          NaN |          NaN |
| jQueryVersionsLoaded           |            1 |            1 |            1 |            1 |            0 |
| jQueryOnDOMReadyFunctions      |            0 |            0 |            0 |            0 |            0 |
| jQueryWindowOnLoadFunctions    |            0 |            0 |            0 |            0 |            0 |
| jQuerySizzleCalls              |            0 |            0 |            0 |            0 |            0 |
| jQueryEventTriggers            |           12 |           12 |           12 |           12 |            0 |
| jQueryDOMReads                 |            0 |            0 |            0 |            0 |            0 |
| jQueryDOMWrites                |            0 |            0 |            0 |            0 |            0 |
| jQueryDOMWriteReadSwitches     |            0 |            0 |            0 |            0 |            0 |
| documentWriteCalls             |            1 |            1 |            1 |            1 |            0 |
| evalCalls                      |            0 |            0 |            0 |            0 |            0 |
| jsErrors                       |            0 |            0 |            0 |            0 |            0 |
| closedConnections              |            0 |            0 |            0 |            0 |            0 |
| lazyLoadableImagesBelowTheFold |            0 |            0 |            0 |            0 |            0 |
| localStorageEntries            |            0 |            0 |            0 |            0 |            0 |
| redirects                      |            0 |            0 |            0 |            0 |            0 |
| redirectsTime [ms]             |            0 |            0 |            0 |            0 |            0 |
| repaints                       |            0 |            0 |            0 |            0 |            0 |
| firstPaint [ms]                |            0 |            0 |            0 |            0 |            0 |
| requestsToFirstPaint           |            0 |            0 |            0 |            0 |            0 |
| domainsToFirstPaint            |            0 |            0 |            0 |            0 |            0 |
| requestsToDomContentLoaded     |            7 |            7 |            7 |            7 |            0 |
| domainsToDomContentLoaded      |            2 |            2 |            2 |            2 |            0 |
| requestsToDomComplete          |            7 |            7 |            7 |            7 |            0 |
| domainsToDomComplete           |            2 |            2 |            2 |            2 |            0 |
| assetsNotGzipped               |            3 |            3 |            3 |            3 |            0 |
| assetsWithQueryString          |            1 |            1 |            1 |            1 |            0 |
| assetsWithCookies              |            0 |            0 |            0 |            0 |            0 |
| smallImages                    |            0 |            0 |            0 |            0 |            0 |
| smallCssFiles                  |            1 |            1 |            1 |            1 |            0 |
| smallJsFiles                   |            0 |            0 |            0 |            0 |            0 |
| multipleRequests               |            0 |            0 |            0 |            0 |            0 |
| timeToFirstCss [ms]            |           54 |           95 |        65.84 |           63 |        10.34 |
| timeToFirstJs [ms]             |           32 |           50 |         36.4 |           35 |         4.36 |
| timeToFirstImage [ms]          |            0 |            0 |            0 |            0 |            0 |
| domInteractive [ms]            |          109 |          162 |        120.2 |          117 |        12.41 |
| domContentLoaded [ms]          |          128 |          191 |       140.04 |          137 |        14.34 |
| domContentLoadedEnd [ms]       |          120 |          175 |       133.44 |          130 |        13.29 |
| domComplete [ms]               |          121 |          175 |       133.72 |          130 |        13.22 |
| timeBackend [%]                |            8 |           14 |         10.6 |           10 |          1.3 |
| timeFrontend [%]               |           86 |           92 |         89.4 |           90 |          1.3 |
| requestsWithTimeout            |            0 |            0 |            0 |            0 |            0 |
| statusCodesTrail               |          NaN |          NaN |          NaN |          NaN |          NaN |
| windowAlerts                   |            0 |            0 |            0 |            0 |            0 |
| windowConfirms                 |            0 |            0 |            0 |            0 |            0 |
| windowPrompts                  |            0 |            0 |            0 |            0 |            0 |
| bodyHTMLSize [bytes]           |        10990 |        10990 |        10990 |        10990 |            0 |
| iframesCount                   |            0 |            0 |            0 |            0 |            0 |
| smallestResponse [bytes]       |          522 |          522 |          522 |          522 |            0 |
| biggestResponse [bytes]        |        79576 |       520714 |    224255.48 |       103154 |    179964.27 |
| fastestResponse [ms]           |            4 |           12 |            7 |            7 |         1.77 |
| slowestResponse [ms]           |          188 |          245 |       206.04 |          198 |        17.66 |
| smallestLatency [ms]           |            4 |           12 |         6.72 |            6 |         1.71 |
| biggestLatency [ms]            |          102 |          170 |       115.32 |          112 |        13.59 |
| medianResponse [ms]            |           57 |           80 |        67.28 |           67 |         6.08 |
| medianLatency [ms]             |           51 |         71.5 |        60.32 |           60 |         5.67 |
'-----------------------------------------------------------------------------------------------------------'
